2018-05-04 18:43:04.795  INFO 19920 --- [main] com.mike.website3.Website                : Starting Website on DESKTOP-60IQA3F with PID 19920 (C:\src\PhotoGallery2\out\production\classes started by miked in C:\src\PhotoGallery2\.idea\modules)
2018-05-04 18:43:04.797 DEBUG 19920 --- [main] com.mike.website3.Website                : Running with Spring Boot v1.5.6.RELEASE, Spring v4.3.10.RELEASE
2018-05-04 18:43:04.797  INFO 19920 --- [main] com.mike.website3.Website                : The following profiles are active: stage
2018-05-04 18:43:04.853  INFO 19920 --- [main] ationConfigEmbeddedWebApplicationContext : Refreshing org.springframework.boot.context.embedded.AnnotationConfigEmbeddedWebApplicationContext@a40280: startup date [Fri May 04 18:43:04 PDT 2018]; root of context hierarchy
2018-05-04 18:43:06.792  INFO 19920 --- [main] s.b.c.e.t.TomcatEmbeddedServletContainer : Tomcat initialized with port(s): 8080 (http)
2018-05-04 18:43:06.798  INFO 19920 --- [main] o.apache.catalina.core.StandardService   : Starting service [Tomcat]
2018-05-04 18:43:06.799  INFO 19920 --- [main] org.apache.catalina.core.StandardEngine  : Starting Servlet Engine: Apache Tomcat/8.5.16
2018-05-04 18:43:06.875  INFO 19920 --- [localhost-startStop-1] o.a.c.c.C.[Tomcat].[localhost].[/]       : Initializing Spring embedded WebApplicationContext
2018-05-04 18:43:06.876  INFO 19920 --- [localhost-startStop-1] o.s.web.context.ContextLoader            : Root WebApplicationContext: initialization completed in 2025 ms
2018-05-04 18:43:06.989  INFO 19920 --- [localhost-startStop-1] o.s.b.w.servlet.ServletRegistrationBean  : Mapping servlet: 'dispatcherServlet' to [/]
2018-05-04 18:43:06.997  INFO 19920 --- [localhost-startStop-1] o.s.b.w.servlet.FilterRegistrationBean   : Mapping filter: 'characterEncodingFilter' to: [/*]
2018-05-04 18:43:06.997  INFO 19920 --- [localhost-startStop-1] o.s.b.w.servlet.FilterRegistrationBean   : Mapping filter: 'hiddenHttpMethodFilter' to: [/*]
2018-05-04 18:43:06.997  INFO 19920 --- [localhost-startStop-1] o.s.b.w.servlet.FilterRegistrationBean   : Mapping filter: 'httpPutFormContentFilter' to: [/*]
2018-05-04 18:43:06.998  INFO 19920 --- [localhost-startStop-1] o.s.b.w.servlet.FilterRegistrationBean   : Mapping filter: 'requestContextFilter' to: [/*]
2018-05-04 18:43:07.460  INFO 19920 --- [main] j.LocalContainerEntityManagerFactoryBean : Building JPA container EntityManagerFactory for persistence unit 'default'
2018-05-04 18:43:07.469  INFO 19920 --- [main] o.hibernate.jpa.internal.util.LogHelper  : HHH000204: Processing PersistenceUnitInfo [
	name: default
	...]
2018-05-04 18:43:07.522  INFO 19920 --- [main] org.hibernate.Version                    : HHH000412: Hibernate Core {5.0.12.Final}
2018-05-04 18:43:07.523  INFO 19920 --- [main] org.hibernate.cfg.Environment            : HHH000206: hibernate.properties not found
2018-05-04 18:43:07.524  INFO 19920 --- [main] org.hibernate.cfg.Environment            : HHH000021: Bytecode provider name : javassist
2018-05-04 18:43:07.555  INFO 19920 --- [main] o.hibernate.annotations.common.Version   : HCANN000001: Hibernate Commons Annotations {5.0.1.Final}
2018-05-04 18:43:07.770  INFO 19920 --- [main] org.hibernate.dialect.Dialect            : HHH000400: Using dialect: org.hibernate.dialect.PostgreSQLDialect
2018-05-04 18:43:07.854  INFO 19920 --- [main] o.h.e.j.e.i.LobCreatorBuilderImpl        : HHH000424: Disabling contextual LOB creation as createClob() method threw error : java.lang.reflect.InvocationTargetException
2018-05-04 18:43:07.855  INFO 19920 --- [main] org.hibernate.type.BasicTypeRegistry     : HHH000270: Type registration [java.util.UUID] overrides previous : org.hibernate.type.UUIDBinaryType@1867ee7
2018-05-04 18:43:08.162  INFO 19920 --- [main] org.hibernate.tool.hbm2ddl.SchemaUpdate  : HHH000228: Running hbm2ddl schema update
2018-05-04 18:43:08.317  INFO 19920 --- [main] j.LocalContainerEntityManagerFactoryBean : Initialized JPA EntityManagerFactory for persistence unit 'default'
2018-05-04 18:43:20.944 ERROR 19920 --- [main] Website                                  : No users dir, exiting
